Build started 20/8/2015 9:50:29 πμ.
     1>Project "C:\Users\kwsta_000\Desktop\VS-PROJECT-1115201300202\Airport.vcxproj" on node 2 (Build target(s)).
     1>ClCompile:
         C:\Program Files (x86)\Microsoft Visual Studio 12.0\VC\bin\CL.exe /c /ZI /nologo /W2 /WX- /sdl /Od /Oy- /D _MBCS /Gm /EHsc /RTC1 /MDd /GS /fp:precise /Zc:wchar_t /Zc:forScope /Fo"Debug\\" /Fd"Debug\vc120.pdb" /Gd /TC /analyze- /errorReport:prompt airports.c AVL\ch8_AVLpointer.c BST\ch8_BSTpointerR.c finder.c IT_Finder.c TSDDA.c
         TSDDA.c
         IT_Finder.c
         finder.c
         ch8_BSTpointerR.c
         ch8_AVLpointer.c
         airports.c
         Generating Code...
       Link:
         C:\Program Files (x86)\Microsoft Visual Studio 12.0\VC\bin\link.exe /ERRORREPORT:PROMPT /OUT:"C:\Users\kwsta_000\Desktop\VS-PROJECT-1115201300202\Debug\Airport.exe" /INCREMENTAL /NOLOGO kernel32.lib user32.lib gdi32.lib winspool.lib comdlg32.lib advapi32.lib shell32.lib ole32.lib oleaut32.lib uuid.lib odbc32.lib odbccp32.lib /MANIFEST /MANIFESTUAC:"level='asInvoker' uiAccess='false'" /manifest:embed /DEBUG /PDB:"C:\Users\kwsta_000\Desktop\VS-PROJECT-1115201300202\Debug\Airport.pdb" /TLBID:1 /DYNAMICBASE /NXCOMPAT /IMPLIB:"C:\Users\kwsta_000\Desktop\VS-PROJECT-1115201300202\Debug\Airport.lib" /MACHINE:X86 Debug\airports.obj
         Debug\ch8_AVLpointer.obj
         Debug\ch8_BSTpointerR.obj
         Debug\finder.obj
         Debug\IT_Finder.obj
         Debug\TSDDA.obj
         Airport.vcxproj -> C:\Users\kwsta_000\Desktop\VS-PROJECT-1115201300202\Debug\Airport.exe
     1>Done Building Project "C:\Users\kwsta_000\Desktop\VS-PROJECT-1115201300202\Airport.vcxproj" (Build target(s)).

Build succeeded.

Time Elapsed 00:00:02.84
