c:\users\administrator\google drive\web\htdocs\dit\semester 2\data structures\ιmplementations\data structures\airport\debug\vc120.pdb
c:\users\administrator\google drive\web\htdocs\dit\semester 2\data structures\ιmplementations\data structures\airport\debug\vc120.idb
c:\users\administrator\google drive\web\htdocs\dit\semester 2\data structures\ιmplementations\data structures\airport\debug\airports.obj
c:\users\administrator\google drive\web\htdocs\dit\semester 2\data structures\ιmplementations\data structures\airport\debug\ch8_avlpointer.obj
c:\users\administrator\google drive\web\htdocs\dit\semester 2\data structures\ιmplementations\data structures\airport\debug\ch8_bstpointerr.obj
c:\users\administrator\google drive\web\htdocs\dit\semester 2\data structures\ιmplementations\data structures\airport\debug\finder.obj
c:\users\administrator\google drive\web\htdocs\dit\semester 2\data structures\ιmplementations\data structures\airport\debug\tsdda.obj
c:\users\administrator\google drive\web\htdocs\dit\semester 2\data structures\ιmplementations\data structures\airport\debug\it_finder.obj
c:\users\administrator\google drive\web\htdocs\dit\semester 2\data structures\ιmplementations\data structures\debug\airport.pdb
c:\users\administrator\google drive\web\htdocs\dit\semester 2\data structures\ιmplementations\data structures\airport\debug\airport.tlog\cl.command.1.tlog
c:\users\administrator\google drive\web\htdocs\dit\semester 2\data structures\ιmplementations\data structures\airport\debug\airport.tlog\cl.read.1.tlog
c:\users\administrator\google drive\web\htdocs\dit\semester 2\data structures\ιmplementations\data structures\airport\debug\airport.tlog\cl.write.1.tlog
c:\users\administrator\google drive\web\htdocs\dit\semester 2\data structures\ιmplementations\data structures\airport\debug\airport.tlog\link-cvtres.read.1.tlog
c:\users\administrator\google drive\web\htdocs\dit\semester 2\data structures\ιmplementations\data structures\airport\debug\airport.tlog\link-cvtres.write.1.tlog
c:\users\administrator\google drive\web\htdocs\dit\semester 2\data structures\ιmplementations\data structures\airport\debug\airport.tlog\link-rc.read.1.tlog
c:\users\administrator\google drive\web\htdocs\dit\semester 2\data structures\ιmplementations\data structures\airport\debug\airport.tlog\link-rc.write.1.tlog
c:\users\administrator\google drive\web\htdocs\dit\semester 2\data structures\ιmplementations\data structures\airport\debug\airport.tlog\link.4968-cvtres.read.1.tlog
c:\users\administrator\google drive\web\htdocs\dit\semester 2\data structures\ιmplementations\data structures\airport\debug\airport.tlog\link.4968-cvtres.write.1.tlog
c:\users\administrator\google drive\web\htdocs\dit\semester 2\data structures\ιmplementations\data structures\airport\debug\airport.tlog\link.4968-rc.read.1.tlog
c:\users\administrator\google drive\web\htdocs\dit\semester 2\data structures\ιmplementations\data structures\airport\debug\airport.tlog\link.4968-rc.write.1.tlog
c:\users\administrator\google drive\web\htdocs\dit\semester 2\data structures\ιmplementations\data structures\airport\debug\airport.tlog\link.4968.read.1.tlog
c:\users\administrator\google drive\web\htdocs\dit\semester 2\data structures\ιmplementations\data structures\airport\debug\airport.tlog\link.4968.write.1.tlog
c:\users\administrator\google drive\web\htdocs\dit\semester 2\data structures\ιmplementations\data structures\airport\debug\airport.tlog\link.command.1.tlog
c:\users\administrator\google drive\web\htdocs\dit\semester 2\data structures\ιmplementations\data structures\airport\debug\airport.tlog\link.read.1.tlog
c:\users\administrator\google drive\web\htdocs\dit\semester 2\data structures\ιmplementations\data structures\airport\debug\airport.tlog\link.write.1.tlog
